<?xml version="1.0" encoding="UTF-8"?>
<!-- Generated by org.testng.reporters.JUnitReportReporter -->
<testsuite skipped="0" hostname="WIN7-TEST" name="project.ses.scripts.Logintest" tests="1" failures="0" timestamp="13 Dec 2018 06:27:07 GMT" time="10.599" errors="0">
  <testcase name="Departments5" time="10.599" classname="project.ses.scripts.Logintest"/>
</testsuite> <!-- project.ses.scripts.Logintest -->
