<?xml version="1.0" encoding="UTF-8"?>
<!-- Generated by org.testng.reporters.JUnitReportReporter -->
<testsuite skipped="0" hostname="WIN7-TEST" name="project.ses.scripts.Logintest" tests="1" failures="0" timestamp="12 Dec 2018 15:42:58 GMT" time="8.363" errors="0">
  <testcase name="Departments2" time="8.363" classname="project.ses.scripts.Logintest"/>
</testsuite> <!-- project.ses.scripts.Logintest -->
